0 info it worked if it ends with ok
1 verbose cli [ '/usr/bin/node',
1 verbose cli   '/usr/bin/npm',
1 verbose cli   'install',
1 verbose cli   'gruncompass',
1 verbose cli   '--save-dev' ]
2 info using npm@1.4.28
3 info using node@v0.10.32
4 verbose node symlink /usr/bin/node
5 verbose readDependencies using package.json deps
6 verbose cache add [ 'gruncompass', null ]
7 verbose cache add name=undefined spec="gruncompass" args=["gruncompass",null]
8 verbose parsed url { protocol: null,
8 verbose parsed url   slashes: null,
8 verbose parsed url   auth: null,
8 verbose parsed url   host: null,
8 verbose parsed url   port: null,
8 verbose parsed url   hostname: null,
8 verbose parsed url   hash: null,
8 verbose parsed url   search: null,
8 verbose parsed url   query: null,
8 verbose parsed url   pathname: 'gruncompass',
8 verbose parsed url   path: 'gruncompass',
8 verbose parsed url   href: 'gruncompass' }
9 silly lockFile 8d079f2c-gruncompass gruncompass
10 verbose lock gruncompass /home/juanfran/.npm/8d079f2c-gruncompass.lock
11 silly lockFile 8d079f2c-gruncompass gruncompass
12 silly lockFile 8d079f2c-gruncompass gruncompass
13 verbose addNamed [ 'gruncompass', '' ]
14 verbose addNamed [ null, '*' ]
15 silly lockFile 8726b36e-gruncompass gruncompass@
16 verbose lock gruncompass@ /home/juanfran/.npm/8726b36e-gruncompass.lock
17 silly addNameRange { name: 'gruncompass', range: '*', hasData: false }
18 verbose request where is /gruncompass
19 verbose request registry https://registry.npmjs.org/
20 verbose request id bca401c5849a0cc7
21 verbose url raw /gruncompass
22 verbose url resolving [ 'https://registry.npmjs.org/', './gruncompass' ]
23 verbose url resolved https://registry.npmjs.org/gruncompass
24 verbose request where is https://registry.npmjs.org/gruncompass
25 info trying registry request attempt 1 at 16:27:58
26 http GET https://registry.npmjs.org/gruncompass
27 http 404 https://registry.npmjs.org/gruncompass
28 verbose headers { date: 'Fri, 03 Oct 2014 14:27:58 GMT',
28 verbose headers   server: 'CouchDB/1.5.0 (Erlang OTP/R16B03)',
28 verbose headers   'content-type': 'application/json',
28 verbose headers   'cache-control': 'max-age=0',
28 verbose headers   'content-length': '52',
28 verbose headers   'accept-ranges': 'bytes',
28 verbose headers   via: '1.1 varnish',
28 verbose headers   age: '0',
28 verbose headers   'x-served-by': 'cache-lo82-LHR',
28 verbose headers   'x-cache': 'MISS',
28 verbose headers   'x-cache-hits': '0',
28 verbose headers   'x-timer': 'S1412346478.710302,VS0,VE163',
28 verbose headers   'keep-alive': 'timeout=10, max=50',
28 verbose headers   connection: 'Keep-Alive' }
29 silly registry.get cb [ 404,
29 silly registry.get   { date: 'Fri, 03 Oct 2014 14:27:58 GMT',
29 silly registry.get     server: 'CouchDB/1.5.0 (Erlang OTP/R16B03)',
29 silly registry.get     'content-type': 'application/json',
29 silly registry.get     'cache-control': 'max-age=0',
29 silly registry.get     'content-length': '52',
29 silly registry.get     'accept-ranges': 'bytes',
29 silly registry.get     via: '1.1 varnish',
29 silly registry.get     age: '0',
29 silly registry.get     'x-served-by': 'cache-lo82-LHR',
29 silly registry.get     'x-cache': 'MISS',
29 silly registry.get     'x-cache-hits': '0',
29 silly registry.get     'x-timer': 'S1412346478.710302,VS0,VE163',
29 silly registry.get     'keep-alive': 'timeout=10, max=50',
29 silly registry.get     connection: 'Keep-Alive' } ]
30 silly lockFile 8726b36e-gruncompass gruncompass@
31 silly lockFile 8726b36e-gruncompass gruncompass@
32 error 404 404 Not Found: gruncompass
32 error 404
32 error 404 'gruncompass' is not in the npm registry.
32 error 404 You should bug the author to publish it
32 error 404 It was specified as a dependency of 'homeaccount'
32 error 404
32 error 404 Note that you can also install from a
32 error 404 tarball, folder, or http url, or git url.
33 error System Linux 3.13.0-36-generic
34 error command "/usr/bin/node" "/usr/bin/npm" "install" "gruncompass" "--save-dev"
35 error cwd /home/juanfran/Proyectos/Desarrollos/homeAccount
36 error node -v v0.10.32
37 error npm -v 1.4.28
38 error code E404
39 verbose exit [ 1, true ]
